[debug] [2025-05-14T14:06:59.997Z] ----------------------------------------------------------------------
[debug] [2025-05-14T14:07:00.002Z] Command:       C:\Program Files\nodejs\node.exe C:\Users\leahm\AppData\Roaming\npm\node_modules\firebase-tools\lib\bin\firebase.js deploy --only functions
[debug] [2025-05-14T14:07:00.002Z] CLI Version:   14.3.1
[debug] [2025-05-14T14:07:00.003Z] Platform:      win32
[debug] [2025-05-14T14:07:00.003Z] Node Version:  v22.13.0
[debug] [2025-05-14T14:07:00.003Z] Time:          Wed May 14 2025 16:07:00 GMT+0200 (South Africa Standard Time)
[debug] [2025-05-14T14:07:00.003Z] ----------------------------------------------------------------------
[debug] 
[debug] [2025-05-14T14:07:00.360Z] > command requires scopes: ["email","openid","https://www.googleapis.com/auth/cloudplatformprojects.readonly","https://www.googleapis.com/auth/firebase","https://www.googleapis.com/auth/cloud-platform"]
[debug] [2025-05-14T14:07:00.361Z] > authorizing via signed-in user (mahlatse.modiba@gmail.com)
[debug] [2025-05-14T14:07:00.362Z] [iam] checking project mentorship-851db for permissions ["cloudfunctions.functions.create","cloudfunctions.functions.delete","cloudfunctions.functions.get","cloudfunctions.functions.list","cloudfunctions.functions.update","cloudfunctions.operations.get","firebase.projects.get"]
[debug] [2025-05-14T14:07:00.364Z] Checked if tokens are valid: true, expires at: 1747233714653
[debug] [2025-05-14T14:07:00.364Z] Checked if tokens are valid: true, expires at: 1747233714653
[debug] [2025-05-14T14:07:00.366Z] >>> [apiv2][query] POST https://cloudresourcemanager.googleapis.com/v1/projects/mentorship-851db:testIamPermissions [none]
[debug] [2025-05-14T14:07:00.367Z] >>> [apiv2][(partial)header] POST https://cloudresourcemanager.googleapis.com/v1/projects/mentorship-851db:testIamPermissions x-goog-quota-user=projects/mentorship-851db
[debug] [2025-05-14T14:07:00.367Z] >>> [apiv2][body] POST https://cloudresourcemanager.googleapis.com/v1/projects/mentorship-851db:testIamPermissions {"permissions":["cloudfunctions.functions.create","cloudfunctions.functions.delete","cloudfunctions.functions.get","cloudfunctions.functions.list","cloudfunctions.functions.update","cloudfunctions.operations.get","firebase.projects.get"]}
[debug] [2025-05-14T14:07:02.072Z] <<< [apiv2][status] POST https://cloudresourcemanager.googleapis.com/v1/projects/mentorship-851db:testIamPermissions 200
[debug] [2025-05-14T14:07:02.072Z] <<< [apiv2][body] POST https://cloudresourcemanager.googleapis.com/v1/projects/mentorship-851db:testIamPermissions {"permissions":["cloudfunctions.functions.create","cloudfunctions.functions.delete","cloudfunctions.functions.get","cloudfunctions.functions.list","cloudfunctions.functions.update","cloudfunctions.operations.get","firebase.projects.get"]}
[debug] [2025-05-14T14:07:02.073Z] Checked if tokens are valid: true, expires at: 1747233714653
[debug] [2025-05-14T14:07:02.073Z] Checked if tokens are valid: true, expires at: 1747233714653
[debug] [2025-05-14T14:07:02.073Z] >>> [apiv2][query] POST https://iam.googleapis.com/v1/projects/mentorship-851db/serviceAccounts/mentorship-851db@appspot.gserviceaccount.com:testIamPermissions [none]
[debug] [2025-05-14T14:07:02.073Z] >>> [apiv2][body] POST https://iam.googleapis.com/v1/projects/mentorship-851db/serviceAccounts/mentorship-851db@appspot.gserviceaccount.com:testIamPermissions {"permissions":["iam.serviceAccounts.actAs"]}
[debug] [2025-05-14T14:07:03.857Z] <<< [apiv2][status] POST https://iam.googleapis.com/v1/projects/mentorship-851db/serviceAccounts/mentorship-851db@appspot.gserviceaccount.com:testIamPermissions 200
[debug] [2025-05-14T14:07:03.858Z] <<< [apiv2][body] POST https://iam.googleapis.com/v1/projects/mentorship-851db/serviceAccounts/mentorship-851db@appspot.gserviceaccount.com:testIamPermissions {"permissions":["iam.serviceAccounts.actAs"]}
[info] 
[info] === Deploying to 'mentorship-851db'...
[info] 
[info] i  deploying functions 
[debug] [2025-05-14T14:07:03.865Z] Checked if tokens are valid: true, expires at: 1747233714653
[debug] [2025-05-14T14:07:03.865Z] Checked if tokens are valid: true, expires at: 1747233714653
[debug] [2025-05-14T14:07:03.866Z] >>> [apiv2][query] GET https://serviceusage.googleapis.com/v1/projects/mentorship-851db/services/cloudresourcemanager.googleapis.com [none]
[debug] [2025-05-14T14:07:03.866Z] >>> [apiv2][(partial)header] GET https://serviceusage.googleapis.com/v1/projects/mentorship-851db/services/cloudresourcemanager.googleapis.com x-goog-quota-user=projects/mentorship-851db
[debug] [2025-05-14T14:07:05.811Z] <<< [apiv2][status] GET https://serviceusage.googleapis.com/v1/projects/mentorship-851db/services/cloudresourcemanager.googleapis.com 200
[debug] [2025-05-14T14:07:05.811Z] <<< [apiv2][body] GET https://serviceusage.googleapis.com/v1/projects/mentorship-851db/services/cloudresourcemanager.googleapis.com [omitted]
[debug] [2025-05-14T14:07:05.811Z] Checked if tokens are valid: true, expires at: 1747233714653
[debug] [2025-05-14T14:07:05.812Z] Checked if tokens are valid: true, expires at: 1747233714653
[debug] [2025-05-14T14:07:05.812Z] >>> [apiv2][query] GET https://cloudresourcemanager.googleapis.com/v1/projects/mentorship-851db [none]
[debug] [2025-05-14T14:07:06.133Z] <<< [apiv2][status] GET https://cloudresourcemanager.googleapis.com/v1/projects/mentorship-851db 200
[debug] [2025-05-14T14:07:06.133Z] <<< [apiv2][body] GET https://cloudresourcemanager.googleapis.com/v1/projects/mentorship-851db {"projectNumber":"302864406450","projectId":"mentorship-851db","lifecycleState":"ACTIVE","name":"Forex Futures Crypto","labels":{"firebase":"enabled","firebase-core":"disabled"},"createTime":"2025-01-12T17:07:37.419289Z"}
[info] i  functions: preparing codebase default for deployment 
[info] i  functions: ensuring required API cloudfunctions.googleapis.com is enabled... 
[debug] [2025-05-14T14:07:06.136Z] Checked if tokens are valid: true, expires at: 1747233714653
[debug] [2025-05-14T14:07:06.136Z] Checked if tokens are valid: true, expires at: 1747233714653
[debug] [2025-05-14T14:07:06.137Z] Checked if tokens are valid: true, expires at: 1747233714653
[debug] [2025-05-14T14:07:06.137Z] Checked if tokens are valid: true, expires at: 1747233714653
[info] i  functions: ensuring required API cloudbuild.googleapis.com is enabled... 
[debug] [2025-05-14T14:07:06.137Z] Checked if tokens are valid: true, expires at: 1747233714653
[debug] [2025-05-14T14:07:06.138Z] Checked if tokens are valid: true, expires at: 1747233714653
[info] i  artifactregistry: ensuring required API artifactregistry.googleapis.com is enabled... 
[debug] [2025-05-14T14:07:06.138Z] Checked if tokens are valid: true, expires at: 1747233714653
[debug] [2025-05-14T14:07:06.139Z] Checked if tokens are valid: true, expires at: 1747233714653
[debug] [2025-05-14T14:07:06.139Z] >>> [apiv2][query] GET https://serviceusage.googleapis.com/v1/projects/mentorship-851db/services/cloudfunctions.googleapis.com [none]
[debug] [2025-05-14T14:07:06.139Z] >>> [apiv2][(partial)header] GET https://serviceusage.googleapis.com/v1/projects/mentorship-851db/services/cloudfunctions.googleapis.com x-goog-quota-user=projects/mentorship-851db
[debug] [2025-05-14T14:07:06.140Z] >>> [apiv2][query] GET https://serviceusage.googleapis.com/v1/projects/mentorship-851db/services/runtimeconfig.googleapis.com [none]
[debug] [2025-05-14T14:07:06.140Z] >>> [apiv2][(partial)header] GET https://serviceusage.googleapis.com/v1/projects/mentorship-851db/services/runtimeconfig.googleapis.com x-goog-quota-user=projects/mentorship-851db
[debug] [2025-05-14T14:07:06.143Z] >>> [apiv2][query] GET https://serviceusage.googleapis.com/v1/projects/mentorship-851db/services/cloudbuild.googleapis.com [none]
[debug] [2025-05-14T14:07:06.143Z] >>> [apiv2][(partial)header] GET https://serviceusage.googleapis.com/v1/projects/mentorship-851db/services/cloudbuild.googleapis.com x-goog-quota-user=projects/mentorship-851db
[debug] [2025-05-14T14:07:06.146Z] >>> [apiv2][query] GET https://serviceusage.googleapis.com/v1/projects/mentorship-851db/services/artifactregistry.googleapis.com [none]
[debug] [2025-05-14T14:07:06.146Z] >>> [apiv2][(partial)header] GET https://serviceusage.googleapis.com/v1/projects/mentorship-851db/services/artifactregistry.googleapis.com x-goog-quota-user=projects/mentorship-851db
[debug] [2025-05-14T14:07:07.793Z] <<< [apiv2][status] GET https://serviceusage.googleapis.com/v1/projects/mentorship-851db/services/cloudfunctions.googleapis.com 200
[debug] [2025-05-14T14:07:07.794Z] <<< [apiv2][body] GET https://serviceusage.googleapis.com/v1/projects/mentorship-851db/services/cloudfunctions.googleapis.com [omitted]
[info] +  functions: required API cloudfunctions.googleapis.com is enabled 
[debug] [2025-05-14T14:07:07.917Z] <<< [apiv2][status] GET https://serviceusage.googleapis.com/v1/projects/mentorship-851db/services/runtimeconfig.googleapis.com 200
[debug] [2025-05-14T14:07:07.917Z] <<< [apiv2][body] GET https://serviceusage.googleapis.com/v1/projects/mentorship-851db/services/runtimeconfig.googleapis.com [omitted]
[debug] [2025-05-14T14:07:07.934Z] <<< [apiv2][status] GET https://serviceusage.googleapis.com/v1/projects/mentorship-851db/services/artifactregistry.googleapis.com 200
[debug] [2025-05-14T14:07:07.935Z] <<< [apiv2][body] GET https://serviceusage.googleapis.com/v1/projects/mentorship-851db/services/artifactregistry.googleapis.com [omitted]
[info] +  artifactregistry: required API artifactregistry.googleapis.com is enabled 
[debug] [2025-05-14T14:07:07.948Z] <<< [apiv2][status] GET https://serviceusage.googleapis.com/v1/projects/mentorship-851db/services/cloudbuild.googleapis.com 200
[debug] [2025-05-14T14:07:07.948Z] <<< [apiv2][body] GET https://serviceusage.googleapis.com/v1/projects/mentorship-851db/services/cloudbuild.googleapis.com [omitted]
[info] +  functions: required API cloudbuild.googleapis.com is enabled 
[debug] [2025-05-14T14:07:07.949Z] Checked if tokens are valid: true, expires at: 1747233714653
[debug] [2025-05-14T14:07:07.949Z] Checked if tokens are valid: true, expires at: 1747233714653
[debug] [2025-05-14T14:07:07.949Z] >>> [apiv2][query] GET https://firebase.googleapis.com/v1beta1/projects/mentorship-851db/adminSdkConfig [none]
[debug] [2025-05-14T14:07:08.554Z] <<< [apiv2][status] GET https://firebase.googleapis.com/v1beta1/projects/mentorship-851db/adminSdkConfig 200
[debug] [2025-05-14T14:07:08.554Z] <<< [apiv2][body] GET https://firebase.googleapis.com/v1beta1/projects/mentorship-851db/adminSdkConfig {"projectId":"mentorship-851db","databaseURL":"https://mentorship-851db-default-rtdb.firebaseio.com","storageBucket":"mentorship-851db.firebasestorage.app"}
[debug] [2025-05-14T14:07:08.555Z] Checked if tokens are valid: true, expires at: 1747233714653
[debug] [2025-05-14T14:07:08.555Z] Checked if tokens are valid: true, expires at: 1747233714653
[debug] [2025-05-14T14:07:08.555Z] >>> [apiv2][query] GET https://runtimeconfig.googleapis.com/v1beta1/projects/mentorship-851db/configs [none]
[debug] [2025-05-14T14:07:09.126Z] <<< [apiv2][status] GET https://runtimeconfig.googleapis.com/v1beta1/projects/mentorship-851db/configs 200
[debug] [2025-05-14T14:07:09.127Z] <<< [apiv2][body] GET https://runtimeconfig.googleapis.com/v1beta1/projects/mentorship-851db/configs {}
[debug] [2025-05-14T14:07:09.129Z] Validating nodejs source
[debug] [2025-05-14T14:07:10.767Z] > [functions] package.json contents: {
  "name": "functions",
  "description": "Cloud Functions for Firebase",
  "scripts": {
    "serve": "firebase emulators:start --only functions",
    "shell": "firebase functions:shell",
    "start": "npm run shell",
    "deploy": "firebase deploy --only functions",
    "logs": "firebase functions:log"
  },
  "engines": {
    "node": "20"
  },
  "main": "index.js",
  "dependencies": {
    "cors": "^2.8.5",
    "firebase-admin": "^12.6.0",
    "firebase-functions": "^6.0.1",
    "nodemailer": "^7.0.3"
  },
  "devDependencies": {
    "firebase-functions-test": "^3.1.0"
  },
  "private": true
}
[debug] [2025-05-14T14:07:10.768Z] Building nodejs source
[info] i  functions: Loading and analyzing source code for codebase default to determine what to deploy 
[debug] [2025-05-14T14:07:10.769Z] Could not find functions.yaml. Must use http discovery
[debug] [2025-05-14T14:07:10.789Z] Found firebase-functions binary at 'C:\Users\leahm\Downloads\Mentorship\my-app\functions\node_modules\.bin\firebase-functions'
[info] Serving at port 8297

[debug] [2025-05-14T14:07:11.755Z] Got response from /__/functions.yaml {"endpoints":{"sendContactEmail":{"availableMemoryMb":null,"timeoutSeconds":null,"minInstances":null,"maxInstances":null,"ingressSettings":null,"concurrency":null,"serviceAccountEmail":null,"vpc":null,"platform":"gcfv2","labels":{},"httpsTrigger":{},"entryPoint":"sendContactEmail"}},"specVersion":"v1alpha1","requiredAPIs":[],"extensions":{}}
[info] i  extensions: ensuring required API firebaseextensions.googleapis.com is enabled... 
[debug] [2025-05-14T14:07:15.814Z] Checked if tokens are valid: true, expires at: 1747233714653
[debug] [2025-05-14T14:07:15.814Z] Checked if tokens are valid: true, expires at: 1747233714653
[debug] [2025-05-14T14:07:15.814Z] >>> [apiv2][query] GET https://serviceusage.googleapis.com/v1/projects/mentorship-851db/services/firebaseextensions.googleapis.com [none]
[debug] [2025-05-14T14:07:15.815Z] >>> [apiv2][(partial)header] GET https://serviceusage.googleapis.com/v1/projects/mentorship-851db/services/firebaseextensions.googleapis.com x-goog-quota-user=projects/mentorship-851db
[debug] [2025-05-14T14:07:17.611Z] <<< [apiv2][status] GET https://serviceusage.googleapis.com/v1/projects/mentorship-851db/services/firebaseextensions.googleapis.com 200
[debug] [2025-05-14T14:07:17.612Z] <<< [apiv2][body] GET https://serviceusage.googleapis.com/v1/projects/mentorship-851db/services/firebaseextensions.googleapis.com [omitted]
[info] +  extensions: required API firebaseextensions.googleapis.com is enabled 
[debug] [2025-05-14T14:07:17.612Z] > command requires scopes: ["email","openid","https://www.googleapis.com/auth/cloudplatformprojects.readonly","https://www.googleapis.com/auth/firebase","https://www.googleapis.com/auth/cloud-platform"]
[debug] [2025-05-14T14:07:17.613Z] > authorizing via signed-in user (mahlatse.modiba@gmail.com)
[debug] [2025-05-14T14:07:17.613Z] [iam] checking project mentorship-851db for permissions ["firebase.projects.get","firebaseextensions.instances.list"]
[debug] [2025-05-14T14:07:17.613Z] Checked if tokens are valid: true, expires at: 1747233714653
[debug] [2025-05-14T14:07:17.613Z] Checked if tokens are valid: true, expires at: 1747233714653
[debug] [2025-05-14T14:07:17.613Z] >>> [apiv2][query] POST https://cloudresourcemanager.googleapis.com/v1/projects/mentorship-851db:testIamPermissions [none]
[debug] [2025-05-14T14:07:17.613Z] >>> [apiv2][(partial)header] POST https://cloudresourcemanager.googleapis.com/v1/projects/mentorship-851db:testIamPermissions x-goog-quota-user=projects/mentorship-851db
[debug] [2025-05-14T14:07:17.613Z] >>> [apiv2][body] POST https://cloudresourcemanager.googleapis.com/v1/projects/mentorship-851db:testIamPermissions {"permissions":["firebase.projects.get","firebaseextensions.instances.list"]}
[debug] [2025-05-14T14:07:19.201Z] <<< [apiv2][status] POST https://cloudresourcemanager.googleapis.com/v1/projects/mentorship-851db:testIamPermissions 200
[debug] [2025-05-14T14:07:19.202Z] <<< [apiv2][body] POST https://cloudresourcemanager.googleapis.com/v1/projects/mentorship-851db:testIamPermissions {"permissions":["firebase.projects.get","firebaseextensions.instances.list"]}
[debug] [2025-05-14T14:07:19.202Z] Checked if tokens are valid: true, expires at: 1747233714653
[debug] [2025-05-14T14:07:19.203Z] Checked if tokens are valid: true, expires at: 1747233714653
[debug] [2025-05-14T14:07:19.203Z] >>> [apiv2][query] GET https://firebaseextensions.googleapis.com/v1beta/projects/mentorship-851db/instances pageSize=100&pageToken=
[debug] [2025-05-14T14:07:20.903Z] <<< [apiv2][status] GET https://firebaseextensions.googleapis.com/v1beta/projects/mentorship-851db/instances 200
[debug] [2025-05-14T14:07:20.903Z] <<< [apiv2][body] GET https://firebaseextensions.googleapis.com/v1beta/projects/mentorship-851db/instances {}
[info] i  functions: Loaded environment variables from .env. 
[info] i  functions: preparing functions directory for uploading... 
[info] i  functions: packaged C:\Users\leahm\Downloads\Mentorship\my-app\functions (62.48 KB) for uploading 
[debug] [2025-05-14T14:07:20.975Z] Checked if tokens are valid: true, expires at: 1747233714653
[debug] [2025-05-14T14:07:20.976Z] Checked if tokens are valid: true, expires at: 1747233714653
[debug] [2025-05-14T14:07:20.976Z] >>> [apiv2][query] GET https://cloudfunctions.googleapis.com/v1/projects/mentorship-851db/locations/-/functions [none]
[debug] [2025-05-14T14:07:21.869Z] <<< [apiv2][status] GET https://cloudfunctions.googleapis.com/v1/projects/mentorship-851db/locations/-/functions 200
[debug] [2025-05-14T14:07:21.870Z] <<< [apiv2][body] GET https://cloudfunctions.googleapis.com/v1/projects/mentorship-851db/locations/-/functions {}
[debug] [2025-05-14T14:07:21.870Z] Checked if tokens are valid: true, expires at: 1747233714653
[debug] [2025-05-14T14:07:21.870Z] Checked if tokens are valid: true, expires at: 1747233714653
[debug] [2025-05-14T14:07:21.871Z] >>> [apiv2][query] GET https://cloudfunctions.googleapis.com/v2/projects/mentorship-851db/locations/-/functions filter=environment%3D%22GEN_2%22
[debug] [2025-05-14T14:07:23.080Z] <<< [apiv2][status] GET https://cloudfunctions.googleapis.com/v2/projects/mentorship-851db/locations/-/functions 200
[debug] [2025-05-14T14:07:23.080Z] <<< [apiv2][body] GET https://cloudfunctions.googleapis.com/v2/projects/mentorship-851db/locations/-/functions {"functions":[{"name":"projects/mentorship-851db/locations/us-central1/functions/sendContactEmail","buildConfig":{"build":"projects/302864406450/locations/us-central1/builds/69f6fa7c-1bed-4353-a636-68c3480c99aa","runtime":"nodejs22","entryPoint":"sendContactEmail","source":{"storageSource":{"bucket":"gcf-v2-sources-302864406450-us-central1","object":"sendContactEmail/function-source.zip","generation":"1747230807543649"}},"environmentVariables":{"GOOGLE_NODE_RUN_SCRIPTS":""},"dockerRepository":"projects/mentorship-851db/locations/us-central1/repositories/gcf-artifacts","sourceProvenance":{"resolvedStorageSource":{"bucket":"gcf-v2-sources-302864406450-us-central1","object":"sendContactEmail/function-source.zip","generation":"1747230807543649"}},"dockerRegistry":"ARTIFACT_REGISTRY","serviceAccount":"projects/mentorship-851db/serviceAccounts/302864406450-compute@developer.gserviceaccount.com","automaticUpdatePolicy":{}},"state":"FAILED","updateTime":"2025-05-14T13:55:18.011611345Z","labels":{"deployment-tool":"cli-firebase","firebase-functions-hash":"e7f2b6a83b456847414497eca7f8ddc25349459b"},"stateMessages":[{"severity":"ERROR","type":"CloudRunServiceNotFound","message":"Cloud Run service projects/mentorship-851db/locations/us-central1/services/sendcontactemail for the function was not found. The function will not work correctly. Please redeploy."}],"environment":"GEN_2","url":"https://us-central1-mentorship-851db.cloudfunctions.net/sendContactEmail","createTime":"2025-05-14T13:53:27.799051359Z","satisfiesPzi":true}]}
[info] i  functions: ensuring required API run.googleapis.com is enabled... 
[debug] [2025-05-14T14:07:23.084Z] Checked if tokens are valid: true, expires at: 1747233714653
[debug] [2025-05-14T14:07:23.085Z] Checked if tokens are valid: true, expires at: 1747233714653
[info] i  functions: ensuring required API eventarc.googleapis.com is enabled... 
[debug] [2025-05-14T14:07:23.085Z] Checked if tokens are valid: true, expires at: 1747233714653
[debug] [2025-05-14T14:07:23.085Z] Checked if tokens are valid: true, expires at: 1747233714653
[info] i  functions: ensuring required API pubsub.googleapis.com is enabled... 
[debug] [2025-05-14T14:07:23.086Z] Checked if tokens are valid: true, expires at: 1747233714653
[debug] [2025-05-14T14:07:23.086Z] Checked if tokens are valid: true, expires at: 1747233714653
[info] i  functions: ensuring required API storage.googleapis.com is enabled... 
[debug] [2025-05-14T14:07:23.086Z] Checked if tokens are valid: true, expires at: 1747233714653
[debug] [2025-05-14T14:07:23.087Z] Checked if tokens are valid: true, expires at: 1747233714653
[debug] [2025-05-14T14:07:23.087Z] >>> [apiv2][query] GET https://serviceusage.googleapis.com/v1/projects/mentorship-851db/services/run.googleapis.com [none]
[debug] [2025-05-14T14:07:23.087Z] >>> [apiv2][(partial)header] GET https://serviceusage.googleapis.com/v1/projects/mentorship-851db/services/run.googleapis.com x-goog-quota-user=projects/mentorship-851db
[debug] [2025-05-14T14:07:23.089Z] >>> [apiv2][query] GET https://serviceusage.googleapis.com/v1/projects/mentorship-851db/services/eventarc.googleapis.com [none]
[debug] [2025-05-14T14:07:23.089Z] >>> [apiv2][(partial)header] GET https://serviceusage.googleapis.com/v1/projects/mentorship-851db/services/eventarc.googleapis.com x-goog-quota-user=projects/mentorship-851db
[debug] [2025-05-14T14:07:23.091Z] >>> [apiv2][query] GET https://serviceusage.googleapis.com/v1/projects/mentorship-851db/services/pubsub.googleapis.com [none]
[debug] [2025-05-14T14:07:23.092Z] >>> [apiv2][(partial)header] GET https://serviceusage.googleapis.com/v1/projects/mentorship-851db/services/pubsub.googleapis.com x-goog-quota-user=projects/mentorship-851db
[debug] [2025-05-14T14:07:23.093Z] >>> [apiv2][query] GET https://serviceusage.googleapis.com/v1/projects/mentorship-851db/services/storage.googleapis.com [none]
[debug] [2025-05-14T14:07:23.094Z] >>> [apiv2][(partial)header] GET https://serviceusage.googleapis.com/v1/projects/mentorship-851db/services/storage.googleapis.com x-goog-quota-user=projects/mentorship-851db
[debug] [2025-05-14T14:07:24.846Z] <<< [apiv2][status] GET https://serviceusage.googleapis.com/v1/projects/mentorship-851db/services/pubsub.googleapis.com 200
[debug] [2025-05-14T14:07:24.846Z] <<< [apiv2][body] GET https://serviceusage.googleapis.com/v1/projects/mentorship-851db/services/pubsub.googleapis.com [omitted]
[info] +  functions: required API pubsub.googleapis.com is enabled 
[debug] [2025-05-14T14:07:24.848Z] <<< [apiv2][status] GET https://serviceusage.googleapis.com/v1/projects/mentorship-851db/services/eventarc.googleapis.com 200
[debug] [2025-05-14T14:07:24.848Z] <<< [apiv2][body] GET https://serviceusage.googleapis.com/v1/projects/mentorship-851db/services/eventarc.googleapis.com [omitted]
[info] +  functions: required API eventarc.googleapis.com is enabled 
[debug] [2025-05-14T14:07:24.859Z] <<< [apiv2][status] GET https://serviceusage.googleapis.com/v1/projects/mentorship-851db/services/storage.googleapis.com 200
[debug] [2025-05-14T14:07:24.860Z] <<< [apiv2][body] GET https://serviceusage.googleapis.com/v1/projects/mentorship-851db/services/storage.googleapis.com [omitted]
[info] +  functions: required API storage.googleapis.com is enabled 
[debug] [2025-05-14T14:07:24.889Z] <<< [apiv2][status] GET https://serviceusage.googleapis.com/v1/projects/mentorship-851db/services/run.googleapis.com 200
[debug] [2025-05-14T14:07:24.890Z] <<< [apiv2][body] GET https://serviceusage.googleapis.com/v1/projects/mentorship-851db/services/run.googleapis.com [omitted]
[info] +  functions: required API run.googleapis.com is enabled 
[info] i  functions: generating the service identity for pubsub.googleapis.com... 
[debug] [2025-05-14T14:07:24.891Z] Checked if tokens are valid: true, expires at: 1747233714653
[debug] [2025-05-14T14:07:24.891Z] Checked if tokens are valid: true, expires at: 1747233714653
[info] i  functions: generating the service identity for eventarc.googleapis.com... 
[debug] [2025-05-14T14:07:24.892Z] Checked if tokens are valid: true, expires at: 1747233714653
[debug] [2025-05-14T14:07:24.892Z] Checked if tokens are valid: true, expires at: 1747233714653
[debug] [2025-05-14T14:07:24.892Z] >>> [apiv2][query] POST https://serviceusage.googleapis.com/v1beta1/projects/302864406450/services/pubsub.googleapis.com:generateServiceIdentity [none]
[debug] [2025-05-14T14:07:24.893Z] >>> [apiv2][query] POST https://serviceusage.googleapis.com/v1beta1/projects/302864406450/services/eventarc.googleapis.com:generateServiceIdentity [none]
[debug] [2025-05-14T14:07:26.486Z] <<< [apiv2][status] POST https://serviceusage.googleapis.com/v1beta1/projects/302864406450/services/pubsub.googleapis.com:generateServiceIdentity 200
[debug] [2025-05-14T14:07:26.487Z] <<< [apiv2][body] POST https://serviceusage.googleapis.com/v1beta1/projects/302864406450/services/pubsub.googleapis.com:generateServiceIdentity {"name":"operations/finished.DONE_OPERATION","done":true,"response":{"@type":"type.googleapis.com/google.api.serviceusage.v1beta1.ServiceIdentity","email":"service-302864406450@gcp-sa-pubsub.iam.gserviceaccount.com","uniqueId":"114825256659713384319"}}
[debug] [2025-05-14T14:07:26.519Z] <<< [apiv2][status] POST https://serviceusage.googleapis.com/v1beta1/projects/302864406450/services/eventarc.googleapis.com:generateServiceIdentity 200
[debug] [2025-05-14T14:07:26.519Z] <<< [apiv2][body] POST https://serviceusage.googleapis.com/v1beta1/projects/302864406450/services/eventarc.googleapis.com:generateServiceIdentity {"name":"operations/finished.DONE_OPERATION","done":true,"response":{"@type":"type.googleapis.com/google.api.serviceusage.v1beta1.ServiceIdentity","email":"service-302864406450@gcp-sa-eventarc.iam.gserviceaccount.com","uniqueId":"100218901425546558024"}}
[debug] [2025-05-14T14:07:26.523Z] Checked if tokens are valid: true, expires at: 1747233714653
[debug] [2025-05-14T14:07:26.523Z] Checked if tokens are valid: true, expires at: 1747233714653
[debug] [2025-05-14T14:07:26.523Z] >>> [apiv2][query] GET https://serviceusage.googleapis.com/v1/projects/mentorship-851db/services/cloudresourcemanager.googleapis.com [none]
[debug] [2025-05-14T14:07:26.523Z] >>> [apiv2][(partial)header] GET https://serviceusage.googleapis.com/v1/projects/mentorship-851db/services/cloudresourcemanager.googleapis.com x-goog-quota-user=projects/mentorship-851db
[debug] [2025-05-14T14:07:27.043Z] <<< [apiv2][status] GET https://serviceusage.googleapis.com/v1/projects/mentorship-851db/services/cloudresourcemanager.googleapis.com 200
[debug] [2025-05-14T14:07:27.043Z] <<< [apiv2][body] GET https://serviceusage.googleapis.com/v1/projects/mentorship-851db/services/cloudresourcemanager.googleapis.com [omitted]
[debug] [2025-05-14T14:07:27.043Z] Checked if tokens are valid: true, expires at: 1747233714653
[debug] [2025-05-14T14:07:27.043Z] Checked if tokens are valid: true, expires at: 1747233714653
[debug] [2025-05-14T14:07:27.044Z] >>> [apiv2][query] GET https://cloudresourcemanager.googleapis.com/v1/projects/mentorship-851db [none]
[debug] [2025-05-14T14:07:28.686Z] <<< [apiv2][status] GET https://cloudresourcemanager.googleapis.com/v1/projects/mentorship-851db 200
[debug] [2025-05-14T14:07:28.686Z] <<< [apiv2][body] GET https://cloudresourcemanager.googleapis.com/v1/projects/mentorship-851db {"projectNumber":"302864406450","projectId":"mentorship-851db","lifecycleState":"ACTIVE","name":"Forex Futures Crypto","labels":{"firebase":"enabled","firebase-core":"disabled"},"createTime":"2025-01-12T17:07:37.419289Z"}
[debug] [2025-05-14T14:07:28.688Z] Checked if tokens are valid: true, expires at: 1747233714653
[debug] [2025-05-14T14:07:28.688Z] Checked if tokens are valid: true, expires at: 1747233714653
[debug] [2025-05-14T14:07:28.688Z] >>> [apiv2][query] GET https://cloudbilling.googleapis.com/v1/projects/mentorship-851db/billingInfo [none]
[debug] [2025-05-14T14:07:29.379Z] <<< [apiv2][status] GET https://cloudbilling.googleapis.com/v1/projects/mentorship-851db/billingInfo 200
[debug] [2025-05-14T14:07:29.379Z] <<< [apiv2][body] GET https://cloudbilling.googleapis.com/v1/projects/mentorship-851db/billingInfo {"name":"projects/mentorship-851db/billingInfo","projectId":"mentorship-851db","billingAccountName":"billingAccounts/011BA9-2AAC69-36FD58","billingEnabled":true}
[debug] [2025-05-14T14:07:29.381Z] Checked if tokens are valid: true, expires at: 1747233714653
[debug] [2025-05-14T14:07:29.382Z] Checked if tokens are valid: true, expires at: 1747233714653
[debug] [2025-05-14T14:07:29.382Z] >>> [apiv2][query] POST https://cloudfunctions.googleapis.com/v2/projects/mentorship-851db/locations/us-central1/functions:generateUploadUrl [none]
[debug] [2025-05-14T14:07:30.478Z] <<< [apiv2][status] POST https://cloudfunctions.googleapis.com/v2/projects/mentorship-851db/locations/us-central1/functions:generateUploadUrl 200
[debug] [2025-05-14T14:07:30.479Z] <<< [apiv2][body] POST https://cloudfunctions.googleapis.com/v2/projects/mentorship-851db/locations/us-central1/functions:generateUploadUrl {"uploadUrl":"https://storage.googleapis.com/gcf-v2-uploads-302864406450.us-central1.cloudfunctions.appspot.com/6959f75a-0f72-4886-84a5-421a386c7301.zip?GoogleAccessId=service-302864406450@gcf-admin-robot.iam.gserviceaccount.com&Expires=1747233449&Signature=VxlTcp9xw6qj%2BjQDtEp5tiARURfBQooMDfSpK%2BdmfpIauhE9v3dnEHZFk0tIYM4t2UAtbz7JFrOUZ3WKdAtrgyWOUq4EMn9L2OeryXI688m04XRHh3oWEIImVTzWYpf5NQSrPMh13Li3a2Csx3Az2IMk7V9XM7WoI7IbL0h1XwShftsDUZiPjQ8v0rdOjDXS19ScZUwhdQtkwh4Kr13jHJrhrwKNOPxjd%2F0iOeS312VJSaYIFxOg4AylUELhwl8SySg828%2FY3GdYKmfCvRgV5hE0dLSaiiwx4Cv6HoA7ooyQvT2E54awEZoezW02XxPTL7Az1wxO82b3%2BInNsopVOQ%3D%3D","storageSource":{"bucket":"gcf-v2-uploads-302864406450.us-central1.cloudfunctions.appspot.com","object":"6959f75a-0f72-4886-84a5-421a386c7301.zip"}}
[debug] [2025-05-14T14:07:30.480Z] >>> [apiv2][query] PUT https://storage.googleapis.com/gcf-v2-uploads-302864406450.us-central1.cloudfunctions.appspot.com/6959f75a-0f72-4886-84a5-421a386c7301.zip GoogleAccessId=service-302864406450%40gcf-admin-robot.iam.gserviceaccount.com&Expires=1747233449&Signature=VxlTcp9xw6qj%2BjQDtEp5tiARURfBQooMDfSpK%2BdmfpIauhE9v3dnEHZFk0tIYM4t2UAtbz7JFrOUZ3WKdAtrgyWOUq4EMn9L2OeryXI688m04XRHh3oWEIImVTzWYpf5NQSrPMh13Li3a2Csx3Az2IMk7V9XM7WoI7IbL0h1XwShftsDUZiPjQ8v0rdOjDXS19ScZUwhdQtkwh4Kr13jHJrhrwKNOPxjd%2F0iOeS312VJSaYIFxOg4AylUELhwl8SySg828%2FY3GdYKmfCvRgV5hE0dLSaiiwx4Cv6HoA7ooyQvT2E54awEZoezW02XxPTL7Az1wxO82b3%2BInNsopVOQ%3D%3D
[debug] [2025-05-14T14:07:30.480Z] >>> [apiv2][body] PUT https://storage.googleapis.com/gcf-v2-uploads-302864406450.us-central1.cloudfunctions.appspot.com/6959f75a-0f72-4886-84a5-421a386c7301.zip [stream]
[debug] [2025-05-14T14:07:31.514Z] <<< [apiv2][status] PUT https://storage.googleapis.com/gcf-v2-uploads-302864406450.us-central1.cloudfunctions.appspot.com/6959f75a-0f72-4886-84a5-421a386c7301.zip 200
[debug] [2025-05-14T14:07:31.514Z] <<< [apiv2][body] PUT https://storage.googleapis.com/gcf-v2-uploads-302864406450.us-central1.cloudfunctions.appspot.com/6959f75a-0f72-4886-84a5-421a386c7301.zip [omitted]
[info] +  functions: functions folder uploaded successfully 
[info] i  functions: updating Node.js 20 (2nd Gen) function sendContactEmail(us-central1)... 
[debug] [2025-05-14T14:07:31.522Z] Checked if tokens are valid: true, expires at: 1747233714653
[debug] [2025-05-14T14:07:31.522Z] Checked if tokens are valid: true, expires at: 1747233714653
[debug] [2025-05-14T14:07:31.522Z] >>> [apiv2][query] PATCH https://cloudfunctions.googleapis.com/v2/projects/mentorship-851db/locations/us-central1/functions/sendContactEmail updateMask=name%2CbuildConfig.runtime%2CbuildConfig.entryPoint%2CbuildConfig.source.storageSource.bucket%2CbuildConfig.source.storageSource.object%2CbuildConfig.environmentVariables%2CbuildConfig.sourceToken%2CserviceConfig.environmentVariables%2CserviceConfig.ingressSettings%2CserviceConfig.timeoutSeconds%2CserviceConfig.serviceAccountEmail%2CserviceConfig.availableMemory%2CserviceConfig.minInstanceCount%2CserviceConfig.maxInstanceCount%2CserviceConfig.maxInstanceRequestConcurrency%2CserviceConfig.availableCpu%2CserviceConfig.vpcConnector%2CserviceConfig.vpcConnectorEgressSettings%2Clabels%2CbuildConfig.buildEnvironmentVariables
[debug] [2025-05-14T14:07:31.523Z] >>> [apiv2][body] PATCH https://cloudfunctions.googleapis.com/v2/projects/mentorship-851db/locations/us-central1/functions/sendContactEmail {"name":"projects/mentorship-851db/locations/us-central1/functions/sendContactEmail","buildConfig":{"runtime":"nodejs20","entryPoint":"sendContactEmail","source":{"storageSource":{"bucket":"gcf-v2-uploads-302864406450.us-central1.cloudfunctions.appspot.com","object":"6959f75a-0f72-4886-84a5-421a386c7301.zip"}},"environmentVariables":{"GOOGLE_NODE_RUN_SCRIPTS":""}},"serviceConfig":{"environmentVariables":{"GMAIL_EMAIL":"globalexpedyte@gmail.com","GMAIL_PASSWORD":"Maletlabo_98","FIREBASE_CONFIG":"{\"projectId\":\"mentorship-851db\",\"databaseURL\":\"https://mentorship-851db-default-rtdb.firebaseio.com\",\"storageBucket\":\"mentorship-851db.firebasestorage.app\"}","GCLOUD_PROJECT":"mentorship-851db","EVENTARC_CLOUD_EVENT_SOURCE":"projects/mentorship-851db/locations/us-central1/services/sendContactEmail","FUNCTION_TARGET":"sendContactEmail","LOG_EXECUTION_ID":"true"},"ingressSettings":null,"timeoutSeconds":null,"serviceAccountEmail":null,"availableMemory":"256Mi","minInstanceCount":null,"maxInstanceCount":null,"maxInstanceRequestConcurrency":80,"availableCpu":"1","vpcConnector":null,"vpcConnectorEgressSettings":null},"labels":{"deployment-tool":"cli-firebase","firebase-functions-hash":"d39a1956e8140bb80627d47c614bc28fb03bab5c"}}
[debug] [2025-05-14T14:07:33.203Z] <<< [apiv2][status] PATCH https://cloudfunctions.googleapis.com/v2/projects/mentorship-851db/locations/us-central1/functions/sendContactEmail 200
[debug] [2025-05-14T14:07:33.203Z] <<< [apiv2][body] PATCH https://cloudfunctions.googleapis.com/v2/projects/mentorship-851db/locations/us-central1/functions/sendContactEmail {"name":"projects/mentorship-851db/locations/us-central1/operations/operation-1747231651169-6351911e88414-8d2f7d6b-4acc566e","metadata":{"@type":"type.googleapis.com/google.cloud.functions.v2.OperationMetadata","createTime":"2025-05-14T14:07:31.965377519Z","target":"projects/mentorship-851db/locations/us-central1/functions/sendContactEmail","verb":"update","cancelRequested":false,"apiVersion":"v2"},"done":false}
[debug] [2025-05-14T14:07:33.204Z] Checked if tokens are valid: true, expires at: 1747233714653
[debug] [2025-05-14T14:07:33.204Z] Checked if tokens are valid: true, expires at: 1747233714653
[debug] [2025-05-14T14:07:33.204Z] >>> [apiv2][query] GET https://cloudfunctions.googleapis.com/v2/projects/mentorship-851db/locations/us-central1/operations/operation-1747231651169-6351911e88414-8d2f7d6b-4acc566e [none]
[debug] [2025-05-14T14:07:34.057Z] <<< [apiv2][status] GET https://cloudfunctions.googleapis.com/v2/projects/mentorship-851db/locations/us-central1/operations/operation-1747231651169-6351911e88414-8d2f7d6b-4acc566e 200
[debug] [2025-05-14T14:07:34.057Z] <<< [apiv2][body] GET https://cloudfunctions.googleapis.com/v2/projects/mentorship-851db/locations/us-central1/operations/operation-1747231651169-6351911e88414-8d2f7d6b-4acc566e {"name":"projects/mentorship-851db/locations/us-central1/operations/operation-1747231651169-6351911e88414-8d2f7d6b-4acc566e","metadata":{"@type":"type.googleapis.com/google.cloud.functions.v2.OperationMetadata","createTime":"2025-05-14T14:07:31.965377519Z","target":"projects/mentorship-851db/locations/us-central1/functions/sendContactEmail","verb":"update","cancelRequested":false,"apiVersion":"v2","requestResource":{"@type":"type.googleapis.com/google.cloud.functions.v2.Function","name":"projects/mentorship-851db/locations/us-central1/functions/sendContactEmail","buildConfig":{"runtime":"nodejs20","entryPoint":"sendContactEmail","source":{"storageSource":{"bucket":"gcf-v2-sources-302864406450-us-central1","object":"sendContactEmail/function-source.zip","generation":"1747231651905215"}},"environmentVariables":{"GOOGLE_NODE_RUN_SCRIPTS":""},"dockerRepository":"projects/mentorship-851db/locations/us-central1/repositories/gcf-artifacts","sourceProvenance":{"resolvedStorageSource":{"bucket":"gcf-v2-sources-302864406450-us-central1","object":"sendContactEmail/function-source.zip","generation":"1747230807543649"}},"dockerRegistry":"ARTIFACT_REGISTRY","serviceAccount":"projects/mentorship-851db/serviceAccounts/302864406450-compute@developer.gserviceaccount.com","automaticUpdatePolicy":{}},"serviceConfig":{"service":"projects/mentorship-851db/locations/us-central1/services/sendcontactemail","timeoutSeconds":60,"environmentVariables":{"GMAIL_EMAIL":"globalexpedyte@gmail.com","GMAIL_PASSWORD":"Maletlabo_98","FIREBASE_CONFIG":"{\"projectId\":\"mentorship-851db\",\"databaseURL\":\"https://mentorship-851db-default-rtdb.firebaseio.com\",\"storageBucket\":\"mentorship-851db.firebasestorage.app\"}","GCLOUD_PROJECT":"mentorship-851db","EVENTARC_CLOUD_EVENT_SOURCE":"projects/mentorship-851db/locations/us-central1/services/sendContactEmail","FUNCTION_TARGET":"sendContactEmail","LOG_EXECUTION_ID":"true"},"ingressSettings":"ALLOW_ALL","serviceAccountEmail":"302864406450-compute@developer.gserviceaccount.com","availableMemory":"256Mi","maxInstanceRequestConcurrency":80,"availableCpu":"1"},"state":"FAILED","labels":{"firebase-functions-hash":"d39a1956e8140bb80627d47c614bc28fb03bab5c"},"stateMessages":[{"severity":"ERROR","type":"CloudRunServiceNotFound","message":"Cloud Run service projects/mentorship-851db/locations/us-central1/services/sendcontactemail for the function was not found. The function will not work correctly. Please redeploy."}],"environment":"GEN_2","url":"https://us-central1-mentorship-851db.cloudfunctions.net/sendContactEmail","satisfiesPzi":true},"stages":[{"name":"BUILD","state":"NOT_STARTED"},{"name":"SERVICE","state":"NOT_STARTED"}],"operationType":"UPDATE_FUNCTION"},"done":false}
[debug] [2025-05-14T14:07:34.565Z] [update-default-us-central1-sendContactEmail] Retrying task index 0
[debug] [2025-05-14T14:07:34.565Z] Checked if tokens are valid: true, expires at: 1747233714653
[debug] [2025-05-14T14:07:34.566Z] Checked if tokens are valid: true, expires at: 1747233714653
[debug] [2025-05-14T14:07:34.566Z] >>> [apiv2][query] GET https://cloudfunctions.googleapis.com/v2/projects/mentorship-851db/locations/us-central1/operations/operation-1747231651169-6351911e88414-8d2f7d6b-4acc566e [none]
[debug] [2025-05-14T14:07:35.504Z] <<< [apiv2][status] GET https://cloudfunctions.googleapis.com/v2/projects/mentorship-851db/locations/us-central1/operations/operation-1747231651169-6351911e88414-8d2f7d6b-4acc566e 200
[debug] [2025-05-14T14:07:35.504Z] <<< [apiv2][body] GET https://cloudfunctions.googleapis.com/v2/projects/mentorship-851db/locations/us-central1/operations/operation-1747231651169-6351911e88414-8d2f7d6b-4acc566e {"name":"projects/mentorship-851db/locations/us-central1/operations/operation-1747231651169-6351911e88414-8d2f7d6b-4acc566e","metadata":{"@type":"type.googleapis.com/google.cloud.functions.v2.OperationMetadata","createTime":"2025-05-14T14:07:31.965377519Z","target":"projects/mentorship-851db/locations/us-central1/functions/sendContactEmail","verb":"update","cancelRequested":false,"apiVersion":"v2","requestResource":{"@type":"type.googleapis.com/google.cloud.functions.v2.Function","name":"projects/mentorship-851db/locations/us-central1/functions/sendContactEmail","buildConfig":{"runtime":"nodejs20","entryPoint":"sendContactEmail","source":{"storageSource":{"bucket":"gcf-v2-sources-302864406450-us-central1","object":"sendContactEmail/function-source.zip","generation":"1747231651905215"}},"environmentVariables":{"GOOGLE_NODE_RUN_SCRIPTS":""},"dockerRepository":"projects/mentorship-851db/locations/us-central1/repositories/gcf-artifacts","sourceProvenance":{"resolvedStorageSource":{"bucket":"gcf-v2-sources-302864406450-us-central1","object":"sendContactEmail/function-source.zip","generation":"1747230807543649"}},"dockerRegistry":"ARTIFACT_REGISTRY","serviceAccount":"projects/mentorship-851db/serviceAccounts/302864406450-compute@developer.gserviceaccount.com","automaticUpdatePolicy":{}},"serviceConfig":{"service":"projects/mentorship-851db/locations/us-central1/services/sendcontactemail","timeoutSeconds":60,"environmentVariables":{"GMAIL_EMAIL":"globalexpedyte@gmail.com","GMAIL_PASSWORD":"Maletlabo_98","FIREBASE_CONFIG":"{\"projectId\":\"mentorship-851db\",\"databaseURL\":\"https://mentorship-851db-default-rtdb.firebaseio.com\",\"storageBucket\":\"mentorship-851db.firebasestorage.app\"}","GCLOUD_PROJECT":"mentorship-851db","EVENTARC_CLOUD_EVENT_SOURCE":"projects/mentorship-851db/locations/us-central1/services/sendContactEmail","FUNCTION_TARGET":"sendContactEmail","LOG_EXECUTION_ID":"true"},"ingressSettings":"ALLOW_ALL","serviceAccountEmail":"302864406450-compute@developer.gserviceaccount.com","availableMemory":"256Mi","maxInstanceRequestConcurrency":80,"availableCpu":"1"},"state":"FAILED","labels":{"firebase-functions-hash":"d39a1956e8140bb80627d47c614bc28fb03bab5c"},"stateMessages":[{"severity":"ERROR","type":"CloudRunServiceNotFound","message":"Cloud Run service projects/mentorship-851db/locations/us-central1/services/sendcontactemail for the function was not found. The function will not work correctly. Please redeploy."}],"environment":"GEN_2","url":"https://us-central1-mentorship-851db.cloudfunctions.net/sendContactEmail","satisfiesPzi":true},"stages":[{"name":"BUILD","message":"Build in progress","state":"IN_PROGRESS","resource":"projects/302864406450/locations/us-central1/builds/2ee80794-e3ef-42b9-9e89-c99d774da21f","resourceUri":"https://console.cloud.google.com/cloud-build/builds;region=us-central1/2ee80794-e3ef-42b9-9e89-c99d774da21f?project=302864406450"},{"name":"SERVICE","state":"NOT_STARTED"}],"operationType":"UPDATE_FUNCTION","buildName":"projects/302864406450/locations/us-central1/builds/2ee80794-e3ef-42b9-9e89-c99d774da21f"},"done":false}
[debug] [2025-05-14T14:07:36.506Z] [update-default-us-central1-sendContactEmail] Retrying task index 0
[debug] [2025-05-14T14:07:36.506Z] Checked if tokens are valid: true, expires at: 1747233714653
[debug] [2025-05-14T14:07:36.507Z] Checked if tokens are valid: true, expires at: 1747233714653
[debug] [2025-05-14T14:07:36.507Z] >>> [apiv2][query] GET https://cloudfunctions.googleapis.com/v2/projects/mentorship-851db/locations/us-central1/operations/operation-1747231651169-6351911e88414-8d2f7d6b-4acc566e [none]
[debug] [2025-05-14T14:07:36.839Z] <<< [apiv2][status] GET https://cloudfunctions.googleapis.com/v2/projects/mentorship-851db/locations/us-central1/operations/operation-1747231651169-6351911e88414-8d2f7d6b-4acc566e 200
[debug] [2025-05-14T14:07:36.839Z] <<< [apiv2][body] GET https://cloudfunctions.googleapis.com/v2/projects/mentorship-851db/locations/us-central1/operations/operation-1747231651169-6351911e88414-8d2f7d6b-4acc566e {"name":"projects/mentorship-851db/locations/us-central1/operations/operation-1747231651169-6351911e88414-8d2f7d6b-4acc566e","metadata":{"@type":"type.googleapis.com/google.cloud.functions.v2.OperationMetadata","createTime":"2025-05-14T14:07:31.965377519Z","target":"projects/mentorship-851db/locations/us-central1/functions/sendContactEmail","verb":"update","cancelRequested":false,"apiVersion":"v2","requestResource":{"@type":"type.googleapis.com/google.cloud.functions.v2.Function","name":"projects/mentorship-851db/locations/us-central1/functions/sendContactEmail","buildConfig":{"runtime":"nodejs20","entryPoint":"sendContactEmail","source":{"storageSource":{"bucket":"gcf-v2-sources-302864406450-us-central1","object":"sendContactEmail/function-source.zip","generation":"1747231651905215"}},"environmentVariables":{"GOOGLE_NODE_RUN_SCRIPTS":""},"dockerRepository":"projects/mentorship-851db/locations/us-central1/repositories/gcf-artifacts","sourceProvenance":{"resolvedStorageSource":{"bucket":"gcf-v2-sources-302864406450-us-central1","object":"sendContactEmail/function-source.zip","generation":"1747230807543649"}},"dockerRegistry":"ARTIFACT_REGISTRY","serviceAccount":"projects/mentorship-851db/serviceAccounts/302864406450-compute@developer.gserviceaccount.com","automaticUpdatePolicy":{}},"serviceConfig":{"service":"projects/mentorship-851db/locations/us-central1/services/sendcontactemail","timeoutSeconds":60,"environmentVariables":{"GMAIL_EMAIL":"globalexpedyte@gmail.com","GMAIL_PASSWORD":"Maletlabo_98","FIREBASE_CONFIG":"{\"projectId\":\"mentorship-851db\",\"databaseURL\":\"https://mentorship-851db-default-rtdb.firebaseio.com\",\"storageBucket\":\"mentorship-851db.firebasestorage.app\"}","GCLOUD_PROJECT":"mentorship-851db","EVENTARC_CLOUD_EVENT_SOURCE":"projects/mentorship-851db/locations/us-central1/services/sendContactEmail","FUNCTION_TARGET":"sendContactEmail","LOG_EXECUTION_ID":"true"},"ingressSettings":"ALLOW_ALL","serviceAccountEmail":"302864406450-compute@developer.gserviceaccount.com","availableMemory":"256Mi","maxInstanceRequestConcurrency":80,"availableCpu":"1"},"state":"FAILED","labels":{"firebase-functions-hash":"d39a1956e8140bb80627d47c614bc28fb03bab5c"},"stateMessages":[{"severity":"ERROR","type":"CloudRunServiceNotFound","message":"Cloud Run service projects/mentorship-851db/locations/us-central1/services/sendcontactemail for the function was not found. The function will not work correctly. Please redeploy."}],"environment":"GEN_2","url":"https://us-central1-mentorship-851db.cloudfunctions.net/sendContactEmail","satisfiesPzi":true},"stages":[{"name":"BUILD","message":"Build in progress","state":"IN_PROGRESS","resource":"projects/302864406450/locations/us-central1/builds/2ee80794-e3ef-42b9-9e89-c99d774da21f","resourceUri":"https://console.cloud.google.com/cloud-build/builds;region=us-central1/2ee80794-e3ef-42b9-9e89-c99d774da21f?project=302864406450"},{"name":"SERVICE","state":"NOT_STARTED"}],"operationType":"UPDATE_FUNCTION","buildName":"projects/302864406450/locations/us-central1/builds/2ee80794-e3ef-42b9-9e89-c99d774da21f"},"done":false}
[debug] [2025-05-14T14:07:38.839Z] [update-default-us-central1-sendContactEmail] Retrying task index 0
[debug] [2025-05-14T14:07:38.840Z] Checked if tokens are valid: true, expires at: 1747233714653
[debug] [2025-05-14T14:07:38.840Z] Checked if tokens are valid: true, expires at: 1747233714653
[debug] [2025-05-14T14:07:38.840Z] >>> [apiv2][query] GET https://cloudfunctions.googleapis.com/v2/projects/mentorship-851db/locations/us-central1/operations/operation-1747231651169-6351911e88414-8d2f7d6b-4acc566e [none]
[debug] [2025-05-14T14:07:39.249Z] <<< [apiv2][status] GET https://cloudfunctions.googleapis.com/v2/projects/mentorship-851db/locations/us-central1/operations/operation-1747231651169-6351911e88414-8d2f7d6b-4acc566e 200
[debug] [2025-05-14T14:07:39.249Z] <<< [apiv2][body] GET https://cloudfunctions.googleapis.com/v2/projects/mentorship-851db/locations/us-central1/operations/operation-1747231651169-6351911e88414-8d2f7d6b-4acc566e {"name":"projects/mentorship-851db/locations/us-central1/operations/operation-1747231651169-6351911e88414-8d2f7d6b-4acc566e","metadata":{"@type":"type.googleapis.com/google.cloud.functions.v2.OperationMetadata","createTime":"2025-05-14T14:07:31.965377519Z","target":"projects/mentorship-851db/locations/us-central1/functions/sendContactEmail","verb":"update","cancelRequested":false,"apiVersion":"v2","requestResource":{"@type":"type.googleapis.com/google.cloud.functions.v2.Function","name":"projects/mentorship-851db/locations/us-central1/functions/sendContactEmail","buildConfig":{"runtime":"nodejs20","entryPoint":"sendContactEmail","source":{"storageSource":{"bucket":"gcf-v2-sources-302864406450-us-central1","object":"sendContactEmail/function-source.zip","generation":"1747231651905215"}},"environmentVariables":{"GOOGLE_NODE_RUN_SCRIPTS":""},"dockerRepository":"projects/mentorship-851db/locations/us-central1/repositories/gcf-artifacts","sourceProvenance":{"resolvedStorageSource":{"bucket":"gcf-v2-sources-302864406450-us-central1","object":"sendContactEmail/function-source.zip","generation":"1747230807543649"}},"dockerRegistry":"ARTIFACT_REGISTRY","serviceAccount":"projects/mentorship-851db/serviceAccounts/302864406450-compute@developer.gserviceaccount.com","automaticUpdatePolicy":{}},"serviceConfig":{"service":"projects/mentorship-851db/locations/us-central1/services/sendcontactemail","timeoutSeconds":60,"environmentVariables":{"GMAIL_EMAIL":"globalexpedyte@gmail.com","GMAIL_PASSWORD":"Maletlabo_98","FIREBASE_CONFIG":"{\"projectId\":\"mentorship-851db\",\"databaseURL\":\"https://mentorship-851db-default-rtdb.firebaseio.com\",\"storageBucket\":\"mentorship-851db.firebasestorage.app\"}","GCLOUD_PROJECT":"mentorship-851db","EVENTARC_CLOUD_EVENT_SOURCE":"projects/mentorship-851db/locations/us-central1/services/sendContactEmail","FUNCTION_TARGET":"sendContactEmail","LOG_EXECUTION_ID":"true"},"ingressSettings":"ALLOW_ALL","serviceAccountEmail":"302864406450-compute@developer.gserviceaccount.com","availableMemory":"256Mi","maxInstanceRequestConcurrency":80,"availableCpu":"1"},"state":"FAILED","labels":{"firebase-functions-hash":"d39a1956e8140bb80627d47c614bc28fb03bab5c"},"stateMessages":[{"severity":"ERROR","type":"CloudRunServiceNotFound","message":"Cloud Run service projects/mentorship-851db/locations/us-central1/services/sendcontactemail for the function was not found. The function will not work correctly. Please redeploy."}],"environment":"GEN_2","url":"https://us-central1-mentorship-851db.cloudfunctions.net/sendContactEmail","satisfiesPzi":true},"stages":[{"name":"BUILD","message":"Build in progress","state":"IN_PROGRESS","resource":"projects/302864406450/locations/us-central1/builds/2ee80794-e3ef-42b9-9e89-c99d774da21f","resourceUri":"https://console.cloud.google.com/cloud-build/builds;region=us-central1/2ee80794-e3ef-42b9-9e89-c99d774da21f?project=302864406450"},{"name":"SERVICE","state":"NOT_STARTED"}],"operationType":"UPDATE_FUNCTION","buildName":"projects/302864406450/locations/us-central1/builds/2ee80794-e3ef-42b9-9e89-c99d774da21f"},"done":false}
[debug] [2025-05-14T14:07:43.256Z] [update-default-us-central1-sendContactEmail] Retrying task index 0
[debug] [2025-05-14T14:07:43.256Z] Checked if tokens are valid: true, expires at: 1747233714653
[debug] [2025-05-14T14:07:43.256Z] Checked if tokens are valid: true, expires at: 1747233714653
[debug] [2025-05-14T14:07:43.256Z] >>> [apiv2][query] GET https://cloudfunctions.googleapis.com/v2/projects/mentorship-851db/locations/us-central1/operations/operation-1747231651169-6351911e88414-8d2f7d6b-4acc566e [none]
[debug] [2025-05-14T14:07:43.657Z] <<< [apiv2][status] GET https://cloudfunctions.googleapis.com/v2/projects/mentorship-851db/locations/us-central1/operations/operation-1747231651169-6351911e88414-8d2f7d6b-4acc566e 200
[debug] [2025-05-14T14:07:43.657Z] <<< [apiv2][body] GET https://cloudfunctions.googleapis.com/v2/projects/mentorship-851db/locations/us-central1/operations/operation-1747231651169-6351911e88414-8d2f7d6b-4acc566e {"name":"projects/mentorship-851db/locations/us-central1/operations/operation-1747231651169-6351911e88414-8d2f7d6b-4acc566e","metadata":{"@type":"type.googleapis.com/google.cloud.functions.v2.OperationMetadata","createTime":"2025-05-14T14:07:31.965377519Z","target":"projects/mentorship-851db/locations/us-central1/functions/sendContactEmail","verb":"update","cancelRequested":false,"apiVersion":"v2","requestResource":{"@type":"type.googleapis.com/google.cloud.functions.v2.Function","name":"projects/mentorship-851db/locations/us-central1/functions/sendContactEmail","buildConfig":{"runtime":"nodejs20","entryPoint":"sendContactEmail","source":{"storageSource":{"bucket":"gcf-v2-sources-302864406450-us-central1","object":"sendContactEmail/function-source.zip","generation":"1747231651905215"}},"environmentVariables":{"GOOGLE_NODE_RUN_SCRIPTS":""},"dockerRepository":"projects/mentorship-851db/locations/us-central1/repositories/gcf-artifacts","sourceProvenance":{"resolvedStorageSource":{"bucket":"gcf-v2-sources-302864406450-us-central1","object":"sendContactEmail/function-source.zip","generation":"1747230807543649"}},"dockerRegistry":"ARTIFACT_REGISTRY","serviceAccount":"projects/mentorship-851db/serviceAccounts/302864406450-compute@developer.gserviceaccount.com","automaticUpdatePolicy":{}},"serviceConfig":{"service":"projects/mentorship-851db/locations/us-central1/services/sendcontactemail","timeoutSeconds":60,"environmentVariables":{"GMAIL_EMAIL":"globalexpedyte@gmail.com","GMAIL_PASSWORD":"Maletlabo_98","FIREBASE_CONFIG":"{\"projectId\":\"mentorship-851db\",\"databaseURL\":\"https://mentorship-851db-default-rtdb.firebaseio.com\",\"storageBucket\":\"mentorship-851db.firebasestorage.app\"}","GCLOUD_PROJECT":"mentorship-851db","EVENTARC_CLOUD_EVENT_SOURCE":"projects/mentorship-851db/locations/us-central1/services/sendContactEmail","FUNCTION_TARGET":"sendContactEmail","LOG_EXECUTION_ID":"true"},"ingressSettings":"ALLOW_ALL","serviceAccountEmail":"302864406450-compute@developer.gserviceaccount.com","availableMemory":"256Mi","maxInstanceRequestConcurrency":80,"availableCpu":"1"},"state":"FAILED","labels":{"firebase-functions-hash":"d39a1956e8140bb80627d47c614bc28fb03bab5c"},"stateMessages":[{"severity":"ERROR","type":"CloudRunServiceNotFound","message":"Cloud Run service projects/mentorship-851db/locations/us-central1/services/sendcontactemail for the function was not found. The function will not work correctly. Please redeploy."}],"environment":"GEN_2","url":"https://us-central1-mentorship-851db.cloudfunctions.net/sendContactEmail","satisfiesPzi":true},"stages":[{"name":"BUILD","message":"Build in progress","state":"IN_PROGRESS","resource":"projects/302864406450/locations/us-central1/builds/2ee80794-e3ef-42b9-9e89-c99d774da21f","resourceUri":"https://console.cloud.google.com/cloud-build/builds;region=us-central1/2ee80794-e3ef-42b9-9e89-c99d774da21f?project=302864406450"},{"name":"SERVICE","state":"NOT_STARTED"}],"operationType":"UPDATE_FUNCTION","buildName":"projects/302864406450/locations/us-central1/builds/2ee80794-e3ef-42b9-9e89-c99d774da21f"},"done":false}
[debug] [2025-05-14T14:07:51.672Z] [update-default-us-central1-sendContactEmail] Retrying task index 0
[debug] [2025-05-14T14:07:51.673Z] Checked if tokens are valid: true, expires at: 1747233714653
[debug] [2025-05-14T14:07:51.673Z] Checked if tokens are valid: true, expires at: 1747233714653
[debug] [2025-05-14T14:07:51.673Z] >>> [apiv2][query] GET https://cloudfunctions.googleapis.com/v2/projects/mentorship-851db/locations/us-central1/operations/operation-1747231651169-6351911e88414-8d2f7d6b-4acc566e [none]
[debug] [2025-05-14T14:07:52.739Z] <<< [apiv2][status] GET https://cloudfunctions.googleapis.com/v2/projects/mentorship-851db/locations/us-central1/operations/operation-1747231651169-6351911e88414-8d2f7d6b-4acc566e 200
[debug] [2025-05-14T14:07:52.739Z] <<< [apiv2][body] GET https://cloudfunctions.googleapis.com/v2/projects/mentorship-851db/locations/us-central1/operations/operation-1747231651169-6351911e88414-8d2f7d6b-4acc566e {"name":"projects/mentorship-851db/locations/us-central1/operations/operation-1747231651169-6351911e88414-8d2f7d6b-4acc566e","metadata":{"@type":"type.googleapis.com/google.cloud.functions.v2.OperationMetadata","createTime":"2025-05-14T14:07:31.965377519Z","target":"projects/mentorship-851db/locations/us-central1/functions/sendContactEmail","verb":"update","cancelRequested":false,"apiVersion":"v2","requestResource":{"@type":"type.googleapis.com/google.cloud.functions.v2.Function","name":"projects/mentorship-851db/locations/us-central1/functions/sendContactEmail","buildConfig":{"runtime":"nodejs20","entryPoint":"sendContactEmail","source":{"storageSource":{"bucket":"gcf-v2-sources-302864406450-us-central1","object":"sendContactEmail/function-source.zip","generation":"1747231651905215"}},"environmentVariables":{"GOOGLE_NODE_RUN_SCRIPTS":""},"dockerRepository":"projects/mentorship-851db/locations/us-central1/repositories/gcf-artifacts","sourceProvenance":{"resolvedStorageSource":{"bucket":"gcf-v2-sources-302864406450-us-central1","object":"sendContactEmail/function-source.zip","generation":"1747230807543649"}},"dockerRegistry":"ARTIFACT_REGISTRY","serviceAccount":"projects/mentorship-851db/serviceAccounts/302864406450-compute@developer.gserviceaccount.com","automaticUpdatePolicy":{}},"serviceConfig":{"service":"projects/mentorship-851db/locations/us-central1/services/sendcontactemail","timeoutSeconds":60,"environmentVariables":{"GMAIL_EMAIL":"globalexpedyte@gmail.com","GMAIL_PASSWORD":"Maletlabo_98","FIREBASE_CONFIG":"{\"projectId\":\"mentorship-851db\",\"databaseURL\":\"https://mentorship-851db-default-rtdb.firebaseio.com\",\"storageBucket\":\"mentorship-851db.firebasestorage.app\"}","GCLOUD_PROJECT":"mentorship-851db","EVENTARC_CLOUD_EVENT_SOURCE":"projects/mentorship-851db/locations/us-central1/services/sendContactEmail","FUNCTION_TARGET":"sendContactEmail","LOG_EXECUTION_ID":"true"},"ingressSettings":"ALLOW_ALL","serviceAccountEmail":"302864406450-compute@developer.gserviceaccount.com","availableMemory":"256Mi","maxInstanceRequestConcurrency":80,"availableCpu":"1"},"state":"FAILED","labels":{"firebase-functions-hash":"d39a1956e8140bb80627d47c614bc28fb03bab5c"},"stateMessages":[{"severity":"ERROR","type":"CloudRunServiceNotFound","message":"Cloud Run service projects/mentorship-851db/locations/us-central1/services/sendcontactemail for the function was not found. The function will not work correctly. Please redeploy."}],"environment":"GEN_2","url":"https://us-central1-mentorship-851db.cloudfunctions.net/sendContactEmail","satisfiesPzi":true},"stages":[{"name":"BUILD","message":"Build in progress","state":"IN_PROGRESS","resource":"projects/302864406450/locations/us-central1/builds/2ee80794-e3ef-42b9-9e89-c99d774da21f","resourceUri":"https://console.cloud.google.com/cloud-build/builds;region=us-central1/2ee80794-e3ef-42b9-9e89-c99d774da21f?project=302864406450"},{"name":"SERVICE","state":"NOT_STARTED"}],"operationType":"UPDATE_FUNCTION","buildName":"projects/302864406450/locations/us-central1/builds/2ee80794-e3ef-42b9-9e89-c99d774da21f"},"done":false}
[debug] [2025-05-14T14:08:02.752Z] [update-default-us-central1-sendContactEmail] Retrying task index 0
[debug] [2025-05-14T14:08:02.752Z] Checked if tokens are valid: true, expires at: 1747233714653
[debug] [2025-05-14T14:08:02.752Z] Checked if tokens are valid: true, expires at: 1747233714653
[debug] [2025-05-14T14:08:02.752Z] >>> [apiv2][query] GET https://cloudfunctions.googleapis.com/v2/projects/mentorship-851db/locations/us-central1/operations/operation-1747231651169-6351911e88414-8d2f7d6b-4acc566e [none]
[debug] [2025-05-14T14:08:03.394Z] <<< [apiv2][status] GET https://cloudfunctions.googleapis.com/v2/projects/mentorship-851db/locations/us-central1/operations/operation-1747231651169-6351911e88414-8d2f7d6b-4acc566e 200
[debug] [2025-05-14T14:08:03.394Z] <<< [apiv2][body] GET https://cloudfunctions.googleapis.com/v2/projects/mentorship-851db/locations/us-central1/operations/operation-1747231651169-6351911e88414-8d2f7d6b-4acc566e {"name":"projects/mentorship-851db/locations/us-central1/operations/operation-1747231651169-6351911e88414-8d2f7d6b-4acc566e","metadata":{"@type":"type.googleapis.com/google.cloud.functions.v2.OperationMetadata","createTime":"2025-05-14T14:07:31.965377519Z","target":"projects/mentorship-851db/locations/us-central1/functions/sendContactEmail","verb":"update","cancelRequested":false,"apiVersion":"v2","requestResource":{"@type":"type.googleapis.com/google.cloud.functions.v2.Function","name":"projects/mentorship-851db/locations/us-central1/functions/sendContactEmail","buildConfig":{"runtime":"nodejs20","entryPoint":"sendContactEmail","source":{"storageSource":{"bucket":"gcf-v2-sources-302864406450-us-central1","object":"sendContactEmail/function-source.zip","generation":"1747231651905215"}},"environmentVariables":{"GOOGLE_NODE_RUN_SCRIPTS":""},"dockerRepository":"projects/mentorship-851db/locations/us-central1/repositories/gcf-artifacts","sourceProvenance":{"resolvedStorageSource":{"bucket":"gcf-v2-sources-302864406450-us-central1","object":"sendContactEmail/function-source.zip","generation":"1747230807543649"}},"dockerRegistry":"ARTIFACT_REGISTRY","serviceAccount":"projects/mentorship-851db/serviceAccounts/302864406450-compute@developer.gserviceaccount.com","automaticUpdatePolicy":{}},"serviceConfig":{"service":"projects/mentorship-851db/locations/us-central1/services/sendcontactemail","timeoutSeconds":60,"environmentVariables":{"GMAIL_EMAIL":"globalexpedyte@gmail.com","GMAIL_PASSWORD":"Maletlabo_98","FIREBASE_CONFIG":"{\"projectId\":\"mentorship-851db\",\"databaseURL\":\"https://mentorship-851db-default-rtdb.firebaseio.com\",\"storageBucket\":\"mentorship-851db.firebasestorage.app\"}","GCLOUD_PROJECT":"mentorship-851db","EVENTARC_CLOUD_EVENT_SOURCE":"projects/mentorship-851db/locations/us-central1/services/sendContactEmail","FUNCTION_TARGET":"sendContactEmail","LOG_EXECUTION_ID":"true"},"ingressSettings":"ALLOW_ALL","serviceAccountEmail":"302864406450-compute@developer.gserviceaccount.com","availableMemory":"256Mi","maxInstanceRequestConcurrency":80,"availableCpu":"1"},"state":"FAILED","labels":{"firebase-functions-hash":"d39a1956e8140bb80627d47c614bc28fb03bab5c"},"stateMessages":[{"severity":"ERROR","type":"CloudRunServiceNotFound","message":"Cloud Run service projects/mentorship-851db/locations/us-central1/services/sendcontactemail for the function was not found. The function will not work correctly. Please redeploy."}],"environment":"GEN_2","url":"https://us-central1-mentorship-851db.cloudfunctions.net/sendContactEmail","satisfiesPzi":true},"stages":[{"name":"BUILD","message":"Build in progress","state":"IN_PROGRESS","resource":"projects/302864406450/locations/us-central1/builds/2ee80794-e3ef-42b9-9e89-c99d774da21f","resourceUri":"https://console.cloud.google.com/cloud-build/builds;region=us-central1/2ee80794-e3ef-42b9-9e89-c99d774da21f?project=302864406450"},{"name":"SERVICE","state":"NOT_STARTED"}],"operationType":"UPDATE_FUNCTION","buildName":"projects/302864406450/locations/us-central1/builds/2ee80794-e3ef-42b9-9e89-c99d774da21f"},"done":false}
[debug] [2025-05-14T14:08:13.397Z] [update-default-us-central1-sendContactEmail] Retrying task index 0
[debug] [2025-05-14T14:08:13.397Z] Checked if tokens are valid: true, expires at: 1747233714653
[debug] [2025-05-14T14:08:13.397Z] Checked if tokens are valid: true, expires at: 1747233714653
[debug] [2025-05-14T14:08:13.397Z] >>> [apiv2][query] GET https://cloudfunctions.googleapis.com/v2/projects/mentorship-851db/locations/us-central1/operations/operation-1747231651169-6351911e88414-8d2f7d6b-4acc566e [none]
[debug] [2025-05-14T14:08:14.390Z] <<< [apiv2][status] GET https://cloudfunctions.googleapis.com/v2/projects/mentorship-851db/locations/us-central1/operations/operation-1747231651169-6351911e88414-8d2f7d6b-4acc566e 200
[debug] [2025-05-14T14:08:14.390Z] <<< [apiv2][body] GET https://cloudfunctions.googleapis.com/v2/projects/mentorship-851db/locations/us-central1/operations/operation-1747231651169-6351911e88414-8d2f7d6b-4acc566e {"name":"projects/mentorship-851db/locations/us-central1/operations/operation-1747231651169-6351911e88414-8d2f7d6b-4acc566e","metadata":{"@type":"type.googleapis.com/google.cloud.functions.v2.OperationMetadata","createTime":"2025-05-14T14:07:31.965377519Z","target":"projects/mentorship-851db/locations/us-central1/functions/sendContactEmail","verb":"update","cancelRequested":false,"apiVersion":"v2","requestResource":{"@type":"type.googleapis.com/google.cloud.functions.v2.Function","name":"projects/mentorship-851db/locations/us-central1/functions/sendContactEmail","buildConfig":{"runtime":"nodejs20","entryPoint":"sendContactEmail","source":{"storageSource":{"bucket":"gcf-v2-sources-302864406450-us-central1","object":"sendContactEmail/function-source.zip","generation":"1747231651905215"}},"environmentVariables":{"GOOGLE_NODE_RUN_SCRIPTS":""},"dockerRepository":"projects/mentorship-851db/locations/us-central1/repositories/gcf-artifacts","sourceProvenance":{"resolvedStorageSource":{"bucket":"gcf-v2-sources-302864406450-us-central1","object":"sendContactEmail/function-source.zip","generation":"1747230807543649"}},"dockerRegistry":"ARTIFACT_REGISTRY","serviceAccount":"projects/mentorship-851db/serviceAccounts/302864406450-compute@developer.gserviceaccount.com","automaticUpdatePolicy":{}},"serviceConfig":{"service":"projects/mentorship-851db/locations/us-central1/services/sendcontactemail","timeoutSeconds":60,"environmentVariables":{"GMAIL_EMAIL":"globalexpedyte@gmail.com","GMAIL_PASSWORD":"Maletlabo_98","FIREBASE_CONFIG":"{\"projectId\":\"mentorship-851db\",\"databaseURL\":\"https://mentorship-851db-default-rtdb.firebaseio.com\",\"storageBucket\":\"mentorship-851db.firebasestorage.app\"}","GCLOUD_PROJECT":"mentorship-851db","EVENTARC_CLOUD_EVENT_SOURCE":"projects/mentorship-851db/locations/us-central1/services/sendContactEmail","FUNCTION_TARGET":"sendContactEmail","LOG_EXECUTION_ID":"true"},"ingressSettings":"ALLOW_ALL","serviceAccountEmail":"302864406450-compute@developer.gserviceaccount.com","availableMemory":"256Mi","maxInstanceRequestConcurrency":80,"availableCpu":"1"},"state":"FAILED","labels":{"firebase-functions-hash":"d39a1956e8140bb80627d47c614bc28fb03bab5c"},"stateMessages":[{"severity":"ERROR","type":"CloudRunServiceNotFound","message":"Cloud Run service projects/mentorship-851db/locations/us-central1/services/sendcontactemail for the function was not found. The function will not work correctly. Please redeploy."}],"environment":"GEN_2","url":"https://us-central1-mentorship-851db.cloudfunctions.net/sendContactEmail","satisfiesPzi":true},"stages":[{"name":"BUILD","message":"Build in progress","state":"IN_PROGRESS","resource":"projects/302864406450/locations/us-central1/builds/2ee80794-e3ef-42b9-9e89-c99d774da21f","resourceUri":"https://console.cloud.google.com/cloud-build/builds;region=us-central1/2ee80794-e3ef-42b9-9e89-c99d774da21f?project=302864406450"},{"name":"SERVICE","state":"NOT_STARTED"}],"operationType":"UPDATE_FUNCTION","buildName":"projects/302864406450/locations/us-central1/builds/2ee80794-e3ef-42b9-9e89-c99d774da21f"},"done":false}
[debug] [2025-05-14T14:08:24.397Z] [update-default-us-central1-sendContactEmail] Retrying task index 0
[debug] [2025-05-14T14:08:24.397Z] Checked if tokens are valid: true, expires at: 1747233714653
[debug] [2025-05-14T14:08:24.397Z] Checked if tokens are valid: true, expires at: 1747233714653
[debug] [2025-05-14T14:08:24.397Z] >>> [apiv2][query] GET https://cloudfunctions.googleapis.com/v2/projects/mentorship-851db/locations/us-central1/operations/operation-1747231651169-6351911e88414-8d2f7d6b-4acc566e [none]
[debug] [2025-05-14T14:08:25.436Z] <<< [apiv2][status] GET https://cloudfunctions.googleapis.com/v2/projects/mentorship-851db/locations/us-central1/operations/operation-1747231651169-6351911e88414-8d2f7d6b-4acc566e 200
[debug] [2025-05-14T14:08:25.436Z] <<< [apiv2][body] GET https://cloudfunctions.googleapis.com/v2/projects/mentorship-851db/locations/us-central1/operations/operation-1747231651169-6351911e88414-8d2f7d6b-4acc566e {"name":"projects/mentorship-851db/locations/us-central1/operations/operation-1747231651169-6351911e88414-8d2f7d6b-4acc566e","metadata":{"@type":"type.googleapis.com/google.cloud.functions.v2.OperationMetadata","createTime":"2025-05-14T14:07:31.965377519Z","target":"projects/mentorship-851db/locations/us-central1/functions/sendContactEmail","verb":"update","cancelRequested":false,"apiVersion":"v2","requestResource":{"@type":"type.googleapis.com/google.cloud.functions.v2.Function","name":"projects/mentorship-851db/locations/us-central1/functions/sendContactEmail","buildConfig":{"runtime":"nodejs20","entryPoint":"sendContactEmail","source":{"storageSource":{"bucket":"gcf-v2-sources-302864406450-us-central1","object":"sendContactEmail/function-source.zip","generation":"1747231651905215"}},"environmentVariables":{"GOOGLE_NODE_RUN_SCRIPTS":""},"dockerRepository":"projects/mentorship-851db/locations/us-central1/repositories/gcf-artifacts","sourceProvenance":{"resolvedStorageSource":{"bucket":"gcf-v2-sources-302864406450-us-central1","object":"sendContactEmail/function-source.zip","generation":"1747230807543649"}},"dockerRegistry":"ARTIFACT_REGISTRY","serviceAccount":"projects/mentorship-851db/serviceAccounts/302864406450-compute@developer.gserviceaccount.com","automaticUpdatePolicy":{}},"serviceConfig":{"service":"projects/mentorship-851db/locations/us-central1/services/sendcontactemail","timeoutSeconds":60,"environmentVariables":{"GMAIL_EMAIL":"globalexpedyte@gmail.com","GMAIL_PASSWORD":"Maletlabo_98","FIREBASE_CONFIG":"{\"projectId\":\"mentorship-851db\",\"databaseURL\":\"https://mentorship-851db-default-rtdb.firebaseio.com\",\"storageBucket\":\"mentorship-851db.firebasestorage.app\"}","GCLOUD_PROJECT":"mentorship-851db","EVENTARC_CLOUD_EVENT_SOURCE":"projects/mentorship-851db/locations/us-central1/services/sendContactEmail","FUNCTION_TARGET":"sendContactEmail","LOG_EXECUTION_ID":"true"},"ingressSettings":"ALLOW_ALL","serviceAccountEmail":"302864406450-compute@developer.gserviceaccount.com","availableMemory":"256Mi","maxInstanceRequestConcurrency":80,"availableCpu":"1"},"state":"FAILED","labels":{"firebase-functions-hash":"d39a1956e8140bb80627d47c614bc28fb03bab5c"},"stateMessages":[{"severity":"ERROR","type":"CloudRunServiceNotFound","message":"Cloud Run service projects/mentorship-851db/locations/us-central1/services/sendcontactemail for the function was not found. The function will not work correctly. Please redeploy."}],"environment":"GEN_2","url":"https://us-central1-mentorship-851db.cloudfunctions.net/sendContactEmail","satisfiesPzi":true},"stages":[{"name":"BUILD","message":"Build in progress","state":"IN_PROGRESS","resource":"projects/302864406450/locations/us-central1/builds/2ee80794-e3ef-42b9-9e89-c99d774da21f","resourceUri":"https://console.cloud.google.com/cloud-build/builds;region=us-central1/2ee80794-e3ef-42b9-9e89-c99d774da21f?project=302864406450"},{"name":"SERVICE","state":"NOT_STARTED"}],"operationType":"UPDATE_FUNCTION","buildName":"projects/302864406450/locations/us-central1/builds/2ee80794-e3ef-42b9-9e89-c99d774da21f"},"done":false}
[debug] [2025-05-14T14:08:35.438Z] [update-default-us-central1-sendContactEmail] Retrying task index 0
[debug] [2025-05-14T14:08:35.439Z] Checked if tokens are valid: true, expires at: 1747233714653
[debug] [2025-05-14T14:08:35.439Z] Checked if tokens are valid: true, expires at: 1747233714653
[debug] [2025-05-14T14:08:35.439Z] >>> [apiv2][query] GET https://cloudfunctions.googleapis.com/v2/projects/mentorship-851db/locations/us-central1/operations/operation-1747231651169-6351911e88414-8d2f7d6b-4acc566e [none]
[debug] [2025-05-14T14:08:36.467Z] <<< [apiv2][status] GET https://cloudfunctions.googleapis.com/v2/projects/mentorship-851db/locations/us-central1/operations/operation-1747231651169-6351911e88414-8d2f7d6b-4acc566e 200
[debug] [2025-05-14T14:08:36.467Z] <<< [apiv2][body] GET https://cloudfunctions.googleapis.com/v2/projects/mentorship-851db/locations/us-central1/operations/operation-1747231651169-6351911e88414-8d2f7d6b-4acc566e {"name":"projects/mentorship-851db/locations/us-central1/operations/operation-1747231651169-6351911e88414-8d2f7d6b-4acc566e","metadata":{"@type":"type.googleapis.com/google.cloud.functions.v2.OperationMetadata","createTime":"2025-05-14T14:07:31.965377519Z","endTime":"2025-05-14T14:08:34.775932972Z","target":"projects/mentorship-851db/locations/us-central1/functions/sendContactEmail","verb":"update","cancelRequested":false,"apiVersion":"v2","requestResource":{"@type":"type.googleapis.com/google.cloud.functions.v2.Function","name":"projects/mentorship-851db/locations/us-central1/functions/sendContactEmail","buildConfig":{"runtime":"nodejs20","entryPoint":"sendContactEmail","source":{"storageSource":{"bucket":"gcf-v2-sources-302864406450-us-central1","object":"sendContactEmail/function-source.zip","generation":"1747231651905215"}},"environmentVariables":{"GOOGLE_NODE_RUN_SCRIPTS":""},"dockerRepository":"projects/mentorship-851db/locations/us-central1/repositories/gcf-artifacts","sourceProvenance":{"resolvedStorageSource":{"bucket":"gcf-v2-sources-302864406450-us-central1","object":"sendContactEmail/function-source.zip","generation":"1747230807543649"}},"dockerRegistry":"ARTIFACT_REGISTRY","serviceAccount":"projects/mentorship-851db/serviceAccounts/302864406450-compute@developer.gserviceaccount.com","automaticUpdatePolicy":{}},"serviceConfig":{"service":"projects/mentorship-851db/locations/us-central1/services/sendcontactemail","timeoutSeconds":60,"environmentVariables":{"GMAIL_EMAIL":"globalexpedyte@gmail.com","GMAIL_PASSWORD":"Maletlabo_98","FIREBASE_CONFIG":"{\"projectId\":\"mentorship-851db\",\"databaseURL\":\"https://mentorship-851db-default-rtdb.firebaseio.com\",\"storageBucket\":\"mentorship-851db.firebasestorage.app\"}","GCLOUD_PROJECT":"mentorship-851db","EVENTARC_CLOUD_EVENT_SOURCE":"projects/mentorship-851db/locations/us-central1/services/sendContactEmail","FUNCTION_TARGET":"sendContactEmail","LOG_EXECUTION_ID":"true"},"ingressSettings":"ALLOW_ALL","serviceAccountEmail":"302864406450-compute@developer.gserviceaccount.com","availableMemory":"256Mi","maxInstanceRequestConcurrency":80,"availableCpu":"1"},"state":"FAILED","labels":{"firebase-functions-hash":"d39a1956e8140bb80627d47c614bc28fb03bab5c"},"stateMessages":[{"severity":"ERROR","type":"CloudRunServiceNotFound","message":"Cloud Run service projects/mentorship-851db/locations/us-central1/services/sendcontactemail for the function was not found. The function will not work correctly. Please redeploy."}],"environment":"GEN_2","url":"https://us-central1-mentorship-851db.cloudfunctions.net/sendContactEmail","satisfiesPzi":true},"stages":[{"name":"SERVICE","state":"NOT_STARTED"}],"operationType":"UPDATE_FUNCTION"},"done":true,"error":{"code":3,"message":"Could not create or update Cloud Run service sendcontactemail, Container Healthcheck failed. Revision 'sendcontactemail-00001-kov' is not ready and cannot serve traffic. The user-provided container failed to start and listen on the port defined provided by the PORT=8080 environment variable within the allocated timeout. This can happen when the container port is misconfigured or if the timeout is too short. The health check timeout can be extended. Logs for this revision might contain more information.\n\nLogs URL: https://console.cloud.google.com/logs/viewer?project=mentorship-851db&resource=cloud_run_revision/service_name/sendcontactemail/revision_name/sendcontactemail-00001-kov&advancedFilter=resource.type%3D%22cloud_run_revision%22%0Aresource.labels.service_name%3D%22sendcontactemail%22%0Aresource.labels.revision_name%3D%22sendcontactemail-00001-kov%22 \nFor more troubleshooting guidance, see https://cloud.google.com/run/docs/troubleshooting#container-failed-to-start"}}
[debug] [2025-05-14T14:08:36.467Z] Got source token undefined for region us-central1
[error] Could not create or update Cloud Run service sendcontactemail, Container Healthcheck failed. Revision 'sendcontactemail-00001-kov' is not ready and cannot serve traffic. The user-provided container failed to start and listen on the port defined provided by the PORT=8080 environment variable within the allocated timeout. This can happen when the container port is misconfigured or if the timeout is too short. The health check timeout can be extended. Logs for this revision might contain more information.

Logs URL: https://console.cloud.google.com/logs/viewer?project=mentorship-851db&resource=cloud_run_revision/service_name/sendcontactemail/revision_name/sendcontactemail-00001-kov&advancedFilter=resource.type%3D%22cloud_run_revision%22%0Aresource.labels.service_name%3D%22sendcontactemail%22%0Aresource.labels.revision_name%3D%22sendcontactemail-00001-kov%22 
For more troubleshooting guidance, see https://cloud.google.com/run/docs/troubleshooting#container-failed-to-start
[debug] [2025-05-14T14:08:36.477Z] Total Function Deployment time: 64950
[debug] [2025-05-14T14:08:36.477Z] 1 Functions Deployed
[debug] [2025-05-14T14:08:36.477Z] 1 Functions Errored
[debug] [2025-05-14T14:08:36.477Z] 0 Function Deployments Aborted
[debug] [2025-05-14T14:08:36.477Z] Average Function Deployment time: 64948
[info] 
[info] Functions deploy had errors with the following functions:
	sendContactEmail(us-central1)
[debug] [2025-05-14T14:08:36.883Z] Not printing URL for HTTPS function. Typically this means it didn't match a filter or we failed deployment
[debug] [2025-05-14T14:08:36.884Z] Checked if tokens are valid: true, expires at: 1747233714653
[debug] [2025-05-14T14:08:36.884Z] Checked if tokens are valid: true, expires at: 1747233714653
[debug] [2025-05-14T14:08:36.884Z] >>> [apiv2][query] GET https://artifactregistry.googleapis.com/v1/projects/mentorship-851db/locations/us-central1/repositories/gcf-artifacts [none]
[debug] [2025-05-14T14:08:37.963Z] <<< [apiv2][status] GET https://artifactregistry.googleapis.com/v1/projects/mentorship-851db/locations/us-central1/repositories/gcf-artifacts 200
[debug] [2025-05-14T14:08:37.964Z] <<< [apiv2][body] GET https://artifactregistry.googleapis.com/v1/projects/mentorship-851db/locations/us-central1/repositories/gcf-artifacts {"name":"projects/mentorship-851db/locations/us-central1/repositories/gcf-artifacts","format":"DOCKER","description":"This repository is created and used by Cloud Functions for storing function docker images.","labels":{"goog-managed-by":"cloudfunctions"},"createTime":"2025-05-14T14:07:32.923187Z","updateTime":"2025-05-14T14:08:20.622413Z","mode":"STANDARD_REPOSITORY","sizeBytes":"86528222","vulnerabilityScanningConfig":{"lastEnableTime":"2025-05-14T14:07:32.144128079Z","enablementState":"SCANNING_DISABLED","enablementStateReason":"API containerscanning.googleapis.com is not enabled."},"satisfiesPzi":true,"registryUri":"us-central1-docker.pkg.dev/mentorship-851db/gcf-artifacts"}
[warn] !  functions: No cleanup policy detected for repositories in us-central1. This may result in a small monthly bill as container images accumulate over time. 
[info] i  functions: Configuring cleanup policy for repository in us-central1. Images older than 1 days will be automatically deleted. 
[debug] [2025-05-14T14:16:04.086Z] Setting up artifact cleanup policy for region us-central1
[debug] [2025-05-14T14:16:04.086Z] Checked if tokens are valid: true, expires at: 1747233714653
[debug] [2025-05-14T14:16:04.086Z] Checked if tokens are valid: true, expires at: 1747233714653
[debug] [2025-05-14T14:16:04.086Z] >>> [apiv2][query] PATCH https://artifactregistry.googleapis.com/v1/projects/mentorship-851db/locations/us-central1/repositories/gcf-artifacts updateMask=name%2CcleanupPolicies%2CcleanupPolicyDryRun%2Clabels
[debug] [2025-05-14T14:16:04.087Z] >>> [apiv2][body] PATCH https://artifactregistry.googleapis.com/v1/projects/mentorship-851db/locations/us-central1/repositories/gcf-artifacts {"name":"projects/mentorship-851db/locations/us-central1/repositories/gcf-artifacts","cleanupPolicies":{"firebase-functions-cleanup":{"id":"firebase-functions-cleanup","condition":{"tagState":"ANY","olderThan":"86400s"},"action":"DELETE"}},"cleanupPolicyDryRun":false,"labels":{"goog-managed-by":"cloudfunctions"}}
[debug] [2025-05-14T14:16:05.400Z] <<< [apiv2][status] PATCH https://artifactregistry.googleapis.com/v1/projects/mentorship-851db/locations/us-central1/repositories/gcf-artifacts 200
[debug] [2025-05-14T14:16:05.401Z] <<< [apiv2][body] PATCH https://artifactregistry.googleapis.com/v1/projects/mentorship-851db/locations/us-central1/repositories/gcf-artifacts {"name":"projects/mentorship-851db/locations/us-central1/repositories/gcf-artifacts","format":"DOCKER","description":"This repository is created and used by Cloud Functions for storing function docker images.","labels":{"goog-managed-by":"cloudfunctions"},"createTime":"2025-05-14T14:07:32.923187Z","updateTime":"2025-05-14T14:16:04.136563Z","mode":"STANDARD_REPOSITORY","cleanupPolicies":{"firebase-functions-cleanup":{"id":"firebase-functions-cleanup","action":"DELETE","condition":{"tagState":"ANY","olderThan":"86400s"}}},"vulnerabilityScanningConfig":{"lastEnableTime":"2025-05-14T14:07:32.144128079Z","enablementState":"SCANNING_DISABLED","enablementStateReason":"API containerscanning.googleapis.com is not enabled."},"satisfiesPzi":true}
[info] i  functions: Configured cleanup policy for repository in us-central1. 
[debug] [2025-05-14T14:16:05.401Z] Functions deploy failed.
[debug] [2025-05-14T14:16:05.401Z] {
  "endpoint": {
    "id": "sendContactEmail",
    "project": "mentorship-851db",
    "region": "us-central1",
    "entryPoint": "sendContactEmail",
    "platform": "gcfv2",
    "runtime": "nodejs20",
    "httpsTrigger": {},
    "labels": {
      "deployment-tool": "cli-firebase"
    },
    "serviceAccount": null,
    "ingressSettings": null,
    "availableMemoryMb": null,
    "timeoutSeconds": null,
    "maxInstances": null,
    "minInstances": null,
    "concurrency": 80,
    "vpc": null,
    "environmentVariables": {
      "GMAIL_EMAIL": "globalexpedyte@gmail.com",
      "GMAIL_PASSWORD": "Maletlabo_98",
      "FIREBASE_CONFIG": "{\"projectId\":\"mentorship-851db\",\"databaseURL\":\"https://mentorship-851db-default-rtdb.firebaseio.com\",\"storageBucket\":\"mentorship-851db.firebasestorage.app\"}",
      "GCLOUD_PROJECT": "mentorship-851db",
      "EVENTARC_CLOUD_EVENT_SOURCE": "projects/mentorship-851db/locations/us-central1/services/sendContactEmail"
    },
    "codebase": "default",
    "securityLevel": "SECURE_ALWAYS",
    "cpu": 1,
    "targetedByOnly": false,
    "hash": "d39a1956e8140bb80627d47c614bc28fb03bab5c"
  },
  "op": "update",
  "original": {
    "name": "FirebaseError",
    "children": [],
    "exit": 1,
    "message": "Could not create or update Cloud Run service sendcontactemail, Container Healthcheck failed. Revision 'sendcontactemail-00001-kov' is not ready and cannot serve traffic. The user-provided container failed to start and listen on the port defined provided by the PORT=8080 environment variable within the allocated timeout. This can happen when the container port is misconfigured or if the timeout is too short. The health check timeout can be extended. Logs for this revision might contain more information.\n\nLogs URL: https://console.cloud.google.com/logs/viewer?project=mentorship-851db&resource=cloud_run_revision/service_name/sendcontactemail/revision_name/sendcontactemail-00001-kov&advancedFilter=resource.type%3D%22cloud_run_revision%22%0Aresource.labels.service_name%3D%22sendcontactemail%22%0Aresource.labels.revision_name%3D%22sendcontactemail-00001-kov%22 \nFor more troubleshooting guidance, see https://cloud.google.com/run/docs/troubleshooting#container-failed-to-start",
    "original": {
      "code": 3,
      "message": "Could not create or update Cloud Run service sendcontactemail, Container Healthcheck failed. Revision 'sendcontactemail-00001-kov' is not ready and cannot serve traffic. The user-provided container failed to start and listen on the port defined provided by the PORT=8080 environment variable within the allocated timeout. This can happen when the container port is misconfigured or if the timeout is too short. The health check timeout can be extended. Logs for this revision might contain more information.\n\nLogs URL: https://console.cloud.google.com/logs/viewer?project=mentorship-851db&resource=cloud_run_revision/service_name/sendcontactemail/revision_name/sendcontactemail-00001-kov&advancedFilter=resource.type%3D%22cloud_run_revision%22%0Aresource.labels.service_name%3D%22sendcontactemail%22%0Aresource.labels.revision_name%3D%22sendcontactemail-00001-kov%22 \nFor more troubleshooting guidance, see https://cloud.google.com/run/docs/troubleshooting#container-failed-to-start"
    },
    "status": 3,
    "code": 3
  }
}
[debug] [2025-05-14T14:16:05.792Z] Error: Failed to update function sendContactEmail in region us-central1
    at C:\Users\leahm\AppData\Roaming\npm\node_modules\firebase-tools\lib\deploy\functions\release\fabricator.js:399:19
    at process.processTicksAndRejections (node:internal/process/task_queues:105:5)
    at async Fabricator.updateV2Function (C:\Users\leahm\AppData\Roaming\npm\node_modules\firebase-tools\lib\deploy\functions\release\fabricator.js:388:32)
    at async Fabricator.updateEndpoint (C:\Users\leahm\AppData\Roaming\npm\node_modules\firebase-tools\lib\deploy\functions\release\fabricator.js:155:13)
    at async handle (C:\Users\leahm\AppData\Roaming\npm\node_modules\firebase-tools\lib\deploy\functions\release\fabricator.js:89:17)
[error] 
[error] Error: There was an error deploying functions
